{"/Users/a1111/Desktop/goit/node_js/nodejs-hw-rest-api/src/app.js": {"path":"/Users/a1111/Desktop/goit/node_js/nodejs-hw-rest-api/src/app.js","statementMap":{"0":{"start":{"line":1,"column":16},"end":{"line":1,"column":34}},"1":{"start":{"line":2,"column":15},"end":{"line":2,"column":32}},"2":{"start":{"line":3,"column":13},"end":{"line":3,"column":28}},"3":{"start":{"line":5,"column":15},"end":{"line":5,"column":32}},"4":{"start":{"line":6,"column":18},"end":{"line":6,"column":47}},"5":{"start":{"line":8,"column":23},"end":{"line":8,"column":48}},"6":{"start":{"line":9,"column":19},"end":{"line":9,"column":40}},"7":{"start":{"line":10,"column":20},"end":{"line":10,"column":42}},"8":{"start":{"line":11,"column":21},"end":{"line":11,"column":51}},"9":{"start":{"line":12,"column":25},"end":{"line":12,"column":58}},"10":{"start":{"line":13,"column":32},"end":{"line":13,"column":66}},"11":{"start":{"line":15,"column":12},"end":{"line":15,"column":21}},"12":{"start":{"line":17,"column":22},"end":{"line":17,"column":72}},"13":{"start":{"line":18,"column":0},"end":{"line":18,"column":31}},"14":{"start":{"line":20,"column":0},"end":{"line":20,"column":18}},"15":{"start":{"line":21,"column":0},"end":{"line":21,"column":16}},"16":{"start":{"line":22,"column":0},"end":{"line":22,"column":44}},"17":{"start":{"line":24,"column":0},"end":{"line":38,"column":2}},"18":{"start":{"line":30,"column":6},"end":{"line":35,"column":8}},"19":{"start":{"line":39,"column":0},"end":{"line":39,"column":33}},"20":{"start":{"line":40,"column":0},"end":{"line":40,"column":35}},"21":{"start":{"line":41,"column":0},"end":{"line":41,"column":41}},"22":{"start":{"line":43,"column":0},"end":{"line":50,"column":3}},"23":{"start":{"line":44,"column":2},"end":{"line":49,"column":5}},"24":{"start":{"line":52,"column":0},"end":{"line":60,"column":3}},"25":{"start":{"line":53,"column":2},"end":{"line":53,"column":72}},"26":{"start":{"line":54,"column":2},"end":{"line":59,"column":5}},"27":{"start":{"line":62,"column":0},"end":{"line":62,"column":21}}},"fnMap":{"0":{"name":"(anonymous_0)","decl":{"start":{"line":29,"column":13},"end":{"line":29,"column":14}},"loc":{"start":{"line":29,"column":33},"end":{"line":36,"column":5}},"line":29},"1":{"name":"(anonymous_1)","decl":{"start":{"line":43,"column":8},"end":{"line":43,"column":9}},"loc":{"start":{"line":43,"column":28},"end":{"line":50,"column":1}},"line":43},"2":{"name":"(anonymous_2)","decl":{"start":{"line":52,"column":8},"end":{"line":52,"column":9}},"loc":{"start":{"line":52,"column":33},"end":{"line":60,"column":1}},"line":52}},"branchMap":{"0":{"loc":{"start":{"line":17,"column":22},"end":{"line":17,"column":72}},"type":"cond-expr","locations":[{"start":{"line":17,"column":57},"end":{"line":17,"column":62}},{"start":{"line":17,"column":65},"end":{"line":17,"column":72}}],"line":17},"1":{"loc":{"start":{"line":53,"column":15},"end":{"line":53,"column":71}},"type":"cond-expr","locations":[{"start":{"line":53,"column":28},"end":{"line":53,"column":38}},{"start":{"line":53,"column":41},"end":{"line":53,"column":71}}],"line":53},"2":{"loc":{"start":{"line":55,"column":12},"end":{"line":55,"column":49}},"type":"cond-expr","locations":[{"start":{"line":55,"column":33},"end":{"line":55,"column":39}},{"start":{"line":55,"column":42},"end":{"line":55,"column":49}}],"line":55},"3":{"loc":{"start":{"line":58,"column":10},"end":{"line":58,"column":65}},"type":"cond-expr","locations":[{"start":{"line":58,"column":31},"end":{"line":58,"column":54}},{"start":{"line":58,"column":57},"end":{"line":58,"column":65}}],"line":58}},"s":{"0":1,"1":1,"2":1,"3":1,"4":1,"5":1,"6":1,"7":1,"8":1,"9":1,"10":1,"11":1,"12":1,"13":1,"14":1,"15":1,"16":1,"17":1,"18":0,"19":1,"20":1,"21":1,"22":1,"23":0,"24":1,"25":1,"26":1,"27":1},"f":{"0":0,"1":0,"2":1},"b":{"0":[0,1],"1":[1,0],"2":[0,1],"3":[0,1]},"_coverageSchema":"1a1c01bbd47fc00a2c39e90264f33305004495a9","hash":"e608b166a2ec9f3af89c9c23fc2c91180d1ad146"}
,"/Users/a1111/Desktop/goit/node_js/nodejs-hw-rest-api/src/api/auth/index.js": {"path":"/Users/a1111/Desktop/goit/node_js/nodejs-hw-rest-api/src/api/auth/index.js","statementMap":{"0":{"start":{"line":1,"column":16},"end":{"line":1,"column":34}},"1":{"start":{"line":2,"column":15},"end":{"line":2,"column":31}},"2":{"start":{"line":3,"column":24},"end":{"line":3,"column":58}},"3":{"start":{"line":4,"column":14},"end":{"line":4,"column":44}},"4":{"start":{"line":5,"column":33},"end":{"line":5,"column":67}},"5":{"start":{"line":7,"column":0},"end":{"line":7,"column":73}},"6":{"start":{"line":8,"column":0},"end":{"line":8,"column":45}},"7":{"start":{"line":9,"column":0},"end":{"line":9,"column":54}},"8":{"start":{"line":11,"column":0},"end":{"line":11,"column":24}}},"fnMap":{},"branchMap":{},"s":{"0":1,"1":1,"2":1,"3":1,"4":1,"5":1,"6":1,"7":1,"8":1},"f":{},"b":{},"_coverageSchema":"1a1c01bbd47fc00a2c39e90264f33305004495a9","hash":"c7caca99cfda26147e810ffa0c90fe3cdf10d555"}
,"/Users/a1111/Desktop/goit/node_js/nodejs-hw-rest-api/src/api/contacts/index.js": {"path":"/Users/a1111/Desktop/goit/node_js/nodejs-hw-rest-api/src/api/contacts/index.js","statementMap":{"0":{"start":{"line":1,"column":16},"end":{"line":1,"column":34}},"1":{"start":{"line":2,"column":15},"end":{"line":2,"column":31}},"2":{"start":{"line":3,"column":27},"end":{"line":3,"column":64}},"3":{"start":{"line":7,"column":4},"end":{"line":7,"column":40}},"4":{"start":{"line":8,"column":14},"end":{"line":8,"column":44}},"5":{"start":{"line":10,"column":0},"end":{"line":20,"column":66}},"6":{"start":{"line":22,"column":0},"end":{"line":22,"column":24}}},"fnMap":{},"branchMap":{},"s":{"0":1,"1":1,"2":1,"3":1,"4":1,"5":1,"6":1},"f":{},"b":{},"_coverageSchema":"1a1c01bbd47fc00a2c39e90264f33305004495a9","hash":"16fcc6dea87aa1be78a622168829237801e2ec48"}
,"/Users/a1111/Desktop/goit/node_js/nodejs-hw-rest-api/src/api/users/index.js": {"path":"/Users/a1111/Desktop/goit/node_js/nodejs-hw-rest-api/src/api/users/index.js","statementMap":{"0":{"start":{"line":1,"column":16},"end":{"line":1,"column":34}},"1":{"start":{"line":2,"column":15},"end":{"line":2,"column":31}},"2":{"start":{"line":3,"column":24},"end":{"line":3,"column":58}},"3":{"start":{"line":4,"column":31},"end":{"line":4,"column":64}},"4":{"start":{"line":5,"column":14},"end":{"line":5,"column":44}},"5":{"start":{"line":6,"column":15},"end":{"line":6,"column":46}},"6":{"start":{"line":8,"column":0},"end":{"line":16,"column":4}},"7":{"start":{"line":18,"column":0},"end":{"line":18,"column":24}}},"fnMap":{},"branchMap":{},"s":{"0":1,"1":1,"2":1,"3":1,"4":1,"5":1,"6":1,"7":1},"f":{},"b":{},"_coverageSchema":"1a1c01bbd47fc00a2c39e90264f33305004495a9","hash":"217ad77d62f79b387301120113c7c17aaf6fba8c"}
,"/Users/a1111/Desktop/goit/node_js/nodejs-hw-rest-api/src/controllers/contacts.js": {"path":"/Users/a1111/Desktop/goit/node_js/nodejs-hw-rest-api/src/controllers/contacts.js","statementMap":{"0":{"start":{"line":1,"column":21},"end":{"line":1,"column":52}},"1":{"start":{"line":2,"column":28},"end":{"line":2,"column":50}},"2":{"start":{"line":4,"column":24},"end":{"line":4,"column":45}},"3":{"start":{"line":6,"column":23},"end":{"line":21,"column":1}},"4":{"start":{"line":7,"column":2},"end":{"line":20,"column":3}},"5":{"start":{"line":8,"column":19},"end":{"line":8,"column":30}},"6":{"start":{"line":9,"column":21},"end":{"line":9,"column":76}},"7":{"start":{"line":11,"column":4},"end":{"line":17,"column":7}},"8":{"start":{"line":19,"column":4},"end":{"line":19,"column":12}},"9":{"start":{"line":23,"column":23},"end":{"line":45,"column":1}},"10":{"start":{"line":24,"column":2},"end":{"line":44,"column":3}},"11":{"start":{"line":25,"column":19},"end":{"line":25,"column":30}},"12":{"start":{"line":26,"column":20},"end":{"line":26,"column":76}},"13":{"start":{"line":27,"column":4},"end":{"line":41,"column":5}},"14":{"start":{"line":28,"column":6},"end":{"line":34,"column":9}},"15":{"start":{"line":36,"column":6},"end":{"line":40,"column":9}},"16":{"start":{"line":43,"column":4},"end":{"line":43,"column":12}},"17":{"start":{"line":47,"column":22},"end":{"line":61,"column":1}},"18":{"start":{"line":48,"column":2},"end":{"line":60,"column":3}},"19":{"start":{"line":49,"column":19},"end":{"line":49,"column":30}},"20":{"start":{"line":50,"column":20},"end":{"line":50,"column":73}},"21":{"start":{"line":51,"column":4},"end":{"line":57,"column":7}},"22":{"start":{"line":59,"column":4},"end":{"line":59,"column":12}},"23":{"start":{"line":63,"column":22},"end":{"line":89,"column":1}},"24":{"start":{"line":64,"column":2},"end":{"line":88,"column":3}},"25":{"start":{"line":65,"column":19},"end":{"line":65,"column":30}},"26":{"start":{"line":66,"column":20},"end":{"line":70,"column":5}},"27":{"start":{"line":71,"column":4},"end":{"line":85,"column":5}},"28":{"start":{"line":72,"column":6},"end":{"line":78,"column":9}},"29":{"start":{"line":80,"column":6},"end":{"line":84,"column":9}},"30":{"start":{"line":87,"column":4},"end":{"line":87,"column":12}},"31":{"start":{"line":91,"column":22},"end":{"line":115,"column":1}},"32":{"start":{"line":92,"column":2},"end":{"line":114,"column":3}},"33":{"start":{"line":93,"column":19},"end":{"line":93,"column":30}},"34":{"start":{"line":94,"column":20},"end":{"line":94,"column":75}},"35":{"start":{"line":96,"column":4},"end":{"line":111,"column":5}},"36":{"start":{"line":97,"column":6},"end":{"line":104,"column":9}},"37":{"start":{"line":106,"column":6},"end":{"line":110,"column":9}},"38":{"start":{"line":113,"column":4},"end":{"line":113,"column":12}},"39":{"start":{"line":117,"column":0},"end":{"line":123,"column":2}}},"fnMap":{"0":{"name":"(anonymous_0)","decl":{"start":{"line":6,"column":23},"end":{"line":6,"column":24}},"loc":{"start":{"line":6,"column":49},"end":{"line":21,"column":1}},"line":6},"1":{"name":"(anonymous_1)","decl":{"start":{"line":23,"column":23},"end":{"line":23,"column":24}},"loc":{"start":{"line":23,"column":49},"end":{"line":45,"column":1}},"line":23},"2":{"name":"(anonymous_2)","decl":{"start":{"line":47,"column":22},"end":{"line":47,"column":23}},"loc":{"start":{"line":47,"column":48},"end":{"line":61,"column":1}},"line":47},"3":{"name":"(anonymous_3)","decl":{"start":{"line":63,"column":22},"end":{"line":63,"column":23}},"loc":{"start":{"line":63,"column":48},"end":{"line":89,"column":1}},"line":63},"4":{"name":"(anonymous_4)","decl":{"start":{"line":91,"column":22},"end":{"line":91,"column":23}},"loc":{"start":{"line":91,"column":48},"end":{"line":115,"column":1}},"line":91}},"branchMap":{"0":{"loc":{"start":{"line":27,"column":4},"end":{"line":41,"column":5}},"type":"if","locations":[{"start":{"line":27,"column":4},"end":{"line":41,"column":5}},{"start":{"line":27,"column":4},"end":{"line":41,"column":5}}],"line":27},"1":{"loc":{"start":{"line":71,"column":4},"end":{"line":85,"column":5}},"type":"if","locations":[{"start":{"line":71,"column":4},"end":{"line":85,"column":5}},{"start":{"line":71,"column":4},"end":{"line":85,"column":5}}],"line":71},"2":{"loc":{"start":{"line":96,"column":4},"end":{"line":111,"column":5}},"type":"if","locations":[{"start":{"line":96,"column":4},"end":{"line":111,"column":5}},{"start":{"line":96,"column":4},"end":{"line":111,"column":5}}],"line":96}},"s":{"0":2,"1":2,"2":2,"3":2,"4":3,"5":3,"6":2,"7":2,"8":1,"9":2,"10":5,"11":5,"12":4,"13":4,"14":2,"15":2,"16":1,"17":2,"18":3,"19":3,"20":2,"21":2,"22":1,"23":2,"24":3,"25":3,"26":2,"27":2,"28":1,"29":1,"30":1,"31":2,"32":3,"33":3,"34":2,"35":2,"36":1,"37":1,"38":1,"39":2},"f":{"0":3,"1":5,"2":3,"3":3,"4":3},"b":{"0":[2,2],"1":[1,1],"2":[1,1]},"_coverageSchema":"1a1c01bbd47fc00a2c39e90264f33305004495a9","hash":"049cd086e7994e91cf3f475e333d7ae386831537"}
,"/Users/a1111/Desktop/goit/node_js/nodejs-hw-rest-api/src/controllers/users.js": {"path":"/Users/a1111/Desktop/goit/node_js/nodejs-hw-rest-api/src/controllers/users.js","statementMap":{"0":{"start":{"line":1,"column":37},"end":{"line":1,"column":59}},"1":{"start":{"line":2,"column":21},"end":{"line":2,"column":52}},"2":{"start":{"line":3,"column":20},"end":{"line":3,"column":37}},"3":{"start":{"line":4,"column":20},"end":{"line":4,"column":37}},"4":{"start":{"line":6,"column":17},"end":{"line":38,"column":1}},"5":{"start":{"line":7,"column":50},"end":{"line":7,"column":58}},"6":{"start":{"line":8,"column":15},"end":{"line":8,"column":55}},"7":{"start":{"line":9,"column":2},"end":{"line":15,"column":3}},"8":{"start":{"line":10,"column":4},"end":{"line":14,"column":7}},"9":{"start":{"line":17,"column":2},"end":{"line":37,"column":3}},"10":{"start":{"line":18,"column":20},"end":{"line":23,"column":6}},"11":{"start":{"line":24,"column":4},"end":{"line":34,"column":7}},"12":{"start":{"line":36,"column":4},"end":{"line":36,"column":14}},"13":{"start":{"line":40,"column":14},"end":{"line":71,"column":1}},"14":{"start":{"line":41,"column":30},"end":{"line":41,"column":38}},"15":{"start":{"line":43,"column":2},"end":{"line":70,"column":3}},"16":{"start":{"line":44,"column":36},"end":{"line":47,"column":6}},"17":{"start":{"line":49,"column":4},"end":{"line":61,"column":5}},"18":{"start":{"line":50,"column":6},"end":{"line":60,"column":9}},"19":{"start":{"line":63,"column":4},"end":{"line":67,"column":7}},"20":{"start":{"line":69,"column":4},"end":{"line":69,"column":14}},"21":{"start":{"line":73,"column":15},"end":{"line":80,"column":1}},"22":{"start":{"line":74,"column":13},"end":{"line":74,"column":24}},"23":{"start":{"line":75,"column":2},"end":{"line":75,"column":31}},"24":{"start":{"line":76,"column":2},"end":{"line":79,"column":5}},"25":{"start":{"line":82,"column":23},"end":{"line":95,"column":1}},"26":{"start":{"line":83,"column":15},"end":{"line":83,"column":23}},"27":{"start":{"line":84,"column":2},"end":{"line":94,"column":5}},"28":{"start":{"line":97,"column":19},"end":{"line":111,"column":1}},"29":{"start":{"line":98,"column":17},"end":{"line":98,"column":28}},"30":{"start":{"line":99,"column":15},"end":{"line":99,"column":61}},"31":{"start":{"line":100,"column":2},"end":{"line":110,"column":5}},"32":{"start":{"line":113,"column":25},"end":{"line":129,"column":1}},"33":{"start":{"line":114,"column":2},"end":{"line":128,"column":3}},"34":{"start":{"line":115,"column":15},"end":{"line":115,"column":26}},"35":{"start":{"line":116,"column":21},"end":{"line":116,"column":34}},"36":{"start":{"line":117,"column":25},"end":{"line":117,"column":73}},"37":{"start":{"line":119,"column":4},"end":{"line":125,"column":7}},"38":{"start":{"line":127,"column":4},"end":{"line":127,"column":14}},"39":{"start":{"line":131,"column":0},"end":{"line":138,"column":2}}},"fnMap":{"0":{"name":"(anonymous_0)","decl":{"start":{"line":6,"column":17},"end":{"line":6,"column":18}},"loc":{"start":{"line":6,"column":43},"end":{"line":38,"column":1}},"line":6},"1":{"name":"(anonymous_1)","decl":{"start":{"line":40,"column":14},"end":{"line":40,"column":15}},"loc":{"start":{"line":40,"column":40},"end":{"line":71,"column":1}},"line":40},"2":{"name":"(anonymous_2)","decl":{"start":{"line":73,"column":15},"end":{"line":73,"column":16}},"loc":{"start":{"line":73,"column":41},"end":{"line":80,"column":1}},"line":73},"3":{"name":"(anonymous_3)","decl":{"start":{"line":82,"column":23},"end":{"line":82,"column":24}},"loc":{"start":{"line":82,"column":49},"end":{"line":95,"column":1}},"line":82},"4":{"name":"(anonymous_4)","decl":{"start":{"line":97,"column":19},"end":{"line":97,"column":20}},"loc":{"start":{"line":97,"column":45},"end":{"line":111,"column":1}},"line":97},"5":{"name":"(anonymous_5)","decl":{"start":{"line":113,"column":25},"end":{"line":113,"column":26}},"loc":{"start":{"line":113,"column":51},"end":{"line":129,"column":1}},"line":113}},"branchMap":{"0":{"loc":{"start":{"line":9,"column":2},"end":{"line":15,"column":3}},"type":"if","locations":[{"start":{"line":9,"column":2},"end":{"line":15,"column":3}},{"start":{"line":9,"column":2},"end":{"line":15,"column":3}}],"line":9},"1":{"loc":{"start":{"line":49,"column":4},"end":{"line":61,"column":5}},"type":"if","locations":[{"start":{"line":49,"column":4},"end":{"line":61,"column":5}},{"start":{"line":49,"column":4},"end":{"line":61,"column":5}}],"line":49}},"s":{"0":1,"1":1,"2":1,"3":1,"4":1,"5":0,"6":0,"7":0,"8":0,"9":0,"10":0,"11":0,"12":0,"13":1,"14":0,"15":0,"16":0,"17":0,"18":0,"19":0,"20":0,"21":1,"22":0,"23":0,"24":0,"25":1,"26":0,"27":0,"28":1,"29":0,"30":0,"31":0,"32":1,"33":0,"34":0,"35":0,"36":0,"37":0,"38":0,"39":1},"f":{"0":0,"1":0,"2":0,"3":0,"4":0,"5":0},"b":{"0":[0,0],"1":[0,0]},"_coverageSchema":"1a1c01bbd47fc00a2c39e90264f33305004495a9","hash":"0d4c3a6bc0d97c3dd87e3e031bb64794913fde7e"}
,"/Users/a1111/Desktop/goit/node_js/nodejs-hw-rest-api/src/helpers/constants.js": {"path":"/Users/a1111/Desktop/goit/node_js/nodejs-hw-rest-api/src/helpers/constants.js","statementMap":{"0":{"start":{"line":1,"column":17},"end":{"line":11,"column":1}},"1":{"start":{"line":13,"column":21},"end":{"line":17,"column":1}},"2":{"start":{"line":19,"column":0},"end":{"line":22,"column":2}}},"fnMap":{},"branchMap":{},"s":{"0":2,"1":2,"2":2},"f":{},"b":{},"_coverageSchema":"1a1c01bbd47fc00a2c39e90264f33305004495a9","hash":"3978cb06af277041fd93857ceb70149262674f52"}
,"/Users/a1111/Desktop/goit/node_js/nodejs-hw-rest-api/src/helpers/errorHandler.js": {"path":"/Users/a1111/Desktop/goit/node_js/nodejs-hw-rest-api/src/helpers/errorHandler.js","statementMap":{"0":{"start":{"line":3,"column":4},"end":{"line":3,"column":12}},"1":{"start":{"line":4,"column":4},"end":{"line":4,"column":25}},"2":{"start":{"line":5,"column":4},"end":{"line":5,"column":27}},"3":{"start":{"line":6,"column":4},"end":{"line":6,"column":21}},"4":{"start":{"line":10,"column":0},"end":{"line":12,"column":2}}},"fnMap":{"0":{"name":"(anonymous_0)","decl":{"start":{"line":2,"column":2},"end":{"line":2,"column":3}},"loc":{"start":{"line":2,"column":44},"end":{"line":7,"column":3}},"line":2}},"branchMap":{"0":{"loc":{"start":{"line":2,"column":31},"end":{"line":2,"column":42}},"type":"default-arg","locations":[{"start":{"line":2,"column":38},"end":{"line":2,"column":42}}],"line":2}},"s":{"0":0,"1":0,"2":0,"3":0,"4":1},"f":{"0":0},"b":{"0":[0]},"_coverageSchema":"1a1c01bbd47fc00a2c39e90264f33305004495a9","hash":"dc915532a06de36f12c443a097f20a4e7f08851a"}
,"/Users/a1111/Desktop/goit/node_js/nodejs-hw-rest-api/src/helpers/multer.js": {"path":"/Users/a1111/Desktop/goit/node_js/nodejs-hw-rest-api/src/helpers/multer.js","statementMap":{"0":{"start":{"line":1,"column":13},"end":{"line":1,"column":28}},"1":{"start":{"line":2,"column":15},"end":{"line":2,"column":32}},"2":{"start":{"line":3,"column":0},"end":{"line":3,"column":27}},"3":{"start":{"line":5,"column":19},"end":{"line":5,"column":67}},"4":{"start":{"line":7,"column":16},"end":{"line":14,"column":2}},"5":{"start":{"line":9,"column":4},"end":{"line":9,"column":25}},"6":{"start":{"line":12,"column":4},"end":{"line":12,"column":32}},"7":{"start":{"line":16,"column":15},"end":{"line":27,"column":2}},"8":{"start":{"line":20,"column":4},"end":{"line":23,"column":5}},"9":{"start":{"line":21,"column":6},"end":{"line":21,"column":21}},"10":{"start":{"line":22,"column":6},"end":{"line":22,"column":13}},"11":{"start":{"line":25,"column":4},"end":{"line":25,"column":20}},"12":{"start":{"line":29,"column":0},"end":{"line":29,"column":24}}},"fnMap":{"0":{"name":"(anonymous_0)","decl":{"start":{"line":8,"column":15},"end":{"line":8,"column":16}},"loc":{"start":{"line":8,"column":40},"end":{"line":10,"column":3}},"line":8},"1":{"name":"(anonymous_1)","decl":{"start":{"line":11,"column":12},"end":{"line":11,"column":13}},"loc":{"start":{"line":11,"column":37},"end":{"line":13,"column":3}},"line":11},"2":{"name":"(anonymous_2)","decl":{"start":{"line":19,"column":14},"end":{"line":19,"column":15}},"loc":{"start":{"line":19,"column":33},"end":{"line":26,"column":3}},"line":19}},"branchMap":{"0":{"loc":{"start":{"line":20,"column":4},"end":{"line":23,"column":5}},"type":"if","locations":[{"start":{"line":20,"column":4},"end":{"line":23,"column":5}},{"start":{"line":20,"column":4},"end":{"line":23,"column":5}}],"line":20}},"s":{"0":1,"1":1,"2":1,"3":1,"4":1,"5":0,"6":0,"7":1,"8":0,"9":0,"10":0,"11":0,"12":1},"f":{"0":0,"1":0,"2":0},"b":{"0":[0,0]},"_coverageSchema":"1a1c01bbd47fc00a2c39e90264f33305004495a9","hash":"d043fb4f08feecda48ac7a201417acabb96165f4"}
,"/Users/a1111/Desktop/goit/node_js/nodejs-hw-rest-api/src/helpers/rateLimit.js": {"path":"/Users/a1111/Desktop/goit/node_js/nodejs-hw-rest-api/src/helpers/rateLimit.js","statementMap":{"0":{"start":{"line":1,"column":18},"end":{"line":1,"column":47}},"1":{"start":{"line":2,"column":21},"end":{"line":2,"column":43}},"2":{"start":{"line":4,"column":29},"end":{"line":15,"column":2}},"3":{"start":{"line":8,"column":4},"end":{"line":13,"column":7}},"4":{"start":{"line":17,"column":0},"end":{"line":19,"column":2}}},"fnMap":{"0":{"name":"(anonymous_0)","decl":{"start":{"line":7,"column":11},"end":{"line":7,"column":12}},"loc":{"start":{"line":7,"column":31},"end":{"line":14,"column":3}},"line":7}},"branchMap":{},"s":{"0":1,"1":1,"2":1,"3":0,"4":1},"f":{"0":0},"b":{},"_coverageSchema":"1a1c01bbd47fc00a2c39e90264f33305004495a9","hash":"14eeae09d5eca88c7f561d44830982cbe38d828d"}
,"/Users/a1111/Desktop/goit/node_js/nodejs-hw-rest-api/src/validation/contacts.js": {"path":"/Users/a1111/Desktop/goit/node_js/nodejs-hw-rest-api/src/validation/contacts.js","statementMap":{"0":{"start":{"line":1,"column":12},"end":{"line":1,"column":26}},"1":{"start":{"line":2,"column":21},"end":{"line":2,"column":52}},"2":{"start":{"line":4,"column":28},"end":{"line":12,"column":2}},"3":{"start":{"line":14,"column":28},"end":{"line":31,"column":2}},"4":{"start":{"line":33,"column":17},"end":{"line":44,"column":1}},"5":{"start":{"line":34,"column":20},"end":{"line":34,"column":41}},"6":{"start":{"line":35,"column":2},"end":{"line":42,"column":3}},"7":{"start":{"line":36,"column":26},"end":{"line":36,"column":39}},"8":{"start":{"line":37,"column":4},"end":{"line":41,"column":7}},"9":{"start":{"line":43,"column":2},"end":{"line":43,"column":9}},"10":{"start":{"line":46,"column":0},"end":{"line":48,"column":2}},"11":{"start":{"line":47,"column":2},"end":{"line":47,"column":55}},"12":{"start":{"line":50,"column":0},"end":{"line":52,"column":2}},"13":{"start":{"line":51,"column":2},"end":{"line":51,"column":55}}},"fnMap":{"0":{"name":"(anonymous_0)","decl":{"start":{"line":33,"column":17},"end":{"line":33,"column":18}},"loc":{"start":{"line":33,"column":41},"end":{"line":44,"column":1}},"line":33},"1":{"name":"(anonymous_1)","decl":{"start":{"line":46,"column":39},"end":{"line":46,"column":40}},"loc":{"start":{"line":46,"column":59},"end":{"line":48,"column":1}},"line":46},"2":{"name":"(anonymous_2)","decl":{"start":{"line":50,"column":39},"end":{"line":50,"column":40}},"loc":{"start":{"line":50,"column":59},"end":{"line":52,"column":1}},"line":50}},"branchMap":{"0":{"loc":{"start":{"line":35,"column":2},"end":{"line":42,"column":3}},"type":"if","locations":[{"start":{"line":35,"column":2},"end":{"line":42,"column":3}},{"start":{"line":35,"column":2},"end":{"line":42,"column":3}}],"line":35}},"s":{"0":1,"1":1,"2":1,"3":1,"4":1,"5":1,"6":1,"7":0,"8":0,"9":1,"10":1,"11":1,"12":1,"13":0},"f":{"0":1,"1":1,"2":0},"b":{"0":[0,1]},"_coverageSchema":"1a1c01bbd47fc00a2c39e90264f33305004495a9","hash":"e3c908facdf174807ec746af3d067c1269e24fc8"}
,"/Users/a1111/Desktop/goit/node_js/nodejs-hw-rest-api/src/validation/users.js": {"path":"/Users/a1111/Desktop/goit/node_js/nodejs-hw-rest-api/src/validation/users.js","statementMap":{"0":{"start":{"line":1,"column":12},"end":{"line":1,"column":26}},"1":{"start":{"line":2,"column":21},"end":{"line":2,"column":52}},"2":{"start":{"line":18,"column":25},"end":{"line":29,"column":2}},"3":{"start":{"line":31,"column":17},"end":{"line":42,"column":1}},"4":{"start":{"line":32,"column":20},"end":{"line":32,"column":41}},"5":{"start":{"line":33,"column":2},"end":{"line":40,"column":3}},"6":{"start":{"line":34,"column":26},"end":{"line":34,"column":39}},"7":{"start":{"line":35,"column":4},"end":{"line":39,"column":7}},"8":{"start":{"line":41,"column":2},"end":{"line":41,"column":9}},"9":{"start":{"line":48,"column":0},"end":{"line":50,"column":2}},"10":{"start":{"line":49,"column":2},"end":{"line":49,"column":52}}},"fnMap":{"0":{"name":"(anonymous_0)","decl":{"start":{"line":31,"column":17},"end":{"line":31,"column":18}},"loc":{"start":{"line":31,"column":41},"end":{"line":42,"column":1}},"line":31},"1":{"name":"(anonymous_1)","decl":{"start":{"line":48,"column":36},"end":{"line":48,"column":37}},"loc":{"start":{"line":48,"column":56},"end":{"line":50,"column":1}},"line":48}},"branchMap":{"0":{"loc":{"start":{"line":33,"column":2},"end":{"line":40,"column":3}},"type":"if","locations":[{"start":{"line":33,"column":2},"end":{"line":40,"column":3}},{"start":{"line":33,"column":2},"end":{"line":40,"column":3}}],"line":33}},"s":{"0":1,"1":1,"2":1,"3":1,"4":0,"5":0,"6":0,"7":0,"8":0,"9":1,"10":0},"f":{"0":0,"1":0},"b":{"0":[0,0]},"_coverageSchema":"1a1c01bbd47fc00a2c39e90264f33305004495a9","hash":"e3354dcc1f29a124f710328dde53254a8d04154f"}
}
