TN:
SF:src/app.js
FN:29,(anonymous_0)
FN:43,(anonymous_1)
FN:52,(anonymous_2)
FNF:3
FNH:1
FNDA:0,(anonymous_0)
FNDA:0,(anonymous_1)
FNDA:1,(anonymous_2)
DA:1,1
DA:2,1
DA:3,1
DA:5,1
DA:6,1
DA:8,1
DA:9,1
DA:10,1
DA:11,1
DA:12,1
DA:13,1
DA:15,1
DA:17,1
DA:18,1
DA:20,1
DA:21,1
DA:22,1
DA:24,1
DA:30,0
DA:39,1
DA:40,1
DA:41,1
DA:43,1
DA:44,0
DA:52,1
DA:53,1
DA:54,1
DA:62,1
LF:28
LH:26
BRDA:17,0,0,0
BRDA:17,0,1,1
BRDA:53,1,0,1
BRDA:53,1,1,0
BRDA:55,2,0,0
BRDA:55,2,1,1
BRDA:58,3,0,0
BRDA:58,3,1,1
BRF:8
BRH:4
end_of_record
TN:
SF:src/api/auth/index.js
FNF:0
FNH:0
DA:1,1
DA:2,1
DA:3,1
DA:4,1
DA:5,1
DA:7,1
DA:8,1
DA:9,1
DA:11,1
LF:9
LH:9
BRF:0
BRH:0
end_of_record
TN:
SF:src/api/contacts/index.js
FNF:0
FNH:0
DA:1,1
DA:2,1
DA:3,1
DA:7,1
DA:8,1
DA:10,1
DA:22,1
LF:7
LH:7
BRF:0
BRH:0
end_of_record
TN:
SF:src/api/users/index.js
FNF:0
FNH:0
DA:1,1
DA:2,1
DA:3,1
DA:4,1
DA:5,1
DA:6,1
DA:8,1
DA:18,1
LF:8
LH:8
BRF:0
BRH:0
end_of_record
TN:
SF:src/controllers/contacts.js
FN:6,(anonymous_0)
FN:23,(anonymous_1)
FN:47,(anonymous_2)
FN:63,(anonymous_3)
FN:91,(anonymous_4)
FNF:5
FNH:5
FNDA:3,(anonymous_0)
FNDA:5,(anonymous_1)
FNDA:3,(anonymous_2)
FNDA:3,(anonymous_3)
FNDA:3,(anonymous_4)
DA:1,2
DA:2,2
DA:4,2
DA:6,2
DA:7,3
DA:8,3
DA:9,2
DA:11,2
DA:19,1
DA:23,2
DA:24,5
DA:25,5
DA:26,4
DA:27,4
DA:28,2
DA:36,2
DA:43,1
DA:47,2
DA:48,3
DA:49,3
DA:50,2
DA:51,2
DA:59,1
DA:63,2
DA:64,3
DA:65,3
DA:66,2
DA:71,2
DA:72,1
DA:80,1
DA:87,1
DA:91,2
DA:92,3
DA:93,3
DA:94,2
DA:96,2
DA:97,1
DA:106,1
DA:113,1
DA:117,2
LF:40
LH:40
BRDA:27,0,0,2
BRDA:27,0,1,2
BRDA:71,1,0,1
BRDA:71,1,1,1
BRDA:96,2,0,1
BRDA:96,2,1,1
BRF:6
BRH:6
end_of_record
TN:
SF:src/controllers/users.js
FN:6,(anonymous_0)
FN:40,(anonymous_1)
FN:73,(anonymous_2)
FN:82,(anonymous_3)
FN:97,(anonymous_4)
FN:113,(anonymous_5)
FNF:6
FNH:0
FNDA:0,(anonymous_0)
FNDA:0,(anonymous_1)
FNDA:0,(anonymous_2)
FNDA:0,(anonymous_3)
FNDA:0,(anonymous_4)
FNDA:0,(anonymous_5)
DA:1,1
DA:2,1
DA:3,1
DA:4,1
DA:6,1
DA:7,0
DA:8,0
DA:9,0
DA:10,0
DA:17,0
DA:18,0
DA:24,0
DA:36,0
DA:40,1
DA:41,0
DA:43,0
DA:44,0
DA:49,0
DA:50,0
DA:63,0
DA:69,0
DA:73,1
DA:74,0
DA:75,0
DA:76,0
DA:82,1
DA:83,0
DA:84,0
DA:97,1
DA:98,0
DA:99,0
DA:100,0
DA:113,1
DA:114,0
DA:115,0
DA:116,0
DA:117,0
DA:119,0
DA:127,0
DA:131,1
LF:40
LH:11
BRDA:9,0,0,0
BRDA:9,0,1,0
BRDA:49,1,0,0
BRDA:49,1,1,0
BRF:4
BRH:0
end_of_record
TN:
SF:src/helpers/constants.js
FNF:0
FNH:0
DA:1,2
DA:13,2
DA:19,2
LF:3
LH:3
BRF:0
BRH:0
end_of_record
TN:
SF:src/helpers/errorHandler.js
FN:2,(anonymous_0)
FNF:1
FNH:0
FNDA:0,(anonymous_0)
DA:3,0
DA:4,0
DA:5,0
DA:6,0
DA:10,1
LF:5
LH:1
BRDA:2,0,0,0
BRF:1
BRH:0
end_of_record
TN:
SF:src/helpers/multer.js
FN:8,(anonymous_0)
FN:11,(anonymous_1)
FN:19,(anonymous_2)
FNF:3
FNH:0
FNDA:0,(anonymous_0)
FNDA:0,(anonymous_1)
FNDA:0,(anonymous_2)
DA:1,1
DA:2,1
DA:3,1
DA:5,1
DA:7,1
DA:9,0
DA:12,0
DA:16,1
DA:20,0
DA:21,0
DA:22,0
DA:25,0
DA:29,1
LF:13
LH:7
BRDA:20,0,0,0
BRDA:20,0,1,0
BRF:2
BRH:0
end_of_record
TN:
SF:src/helpers/rateLimit.js
FN:7,(anonymous_0)
FNF:1
FNH:0
FNDA:0,(anonymous_0)
DA:1,1
DA:2,1
DA:4,1
DA:8,0
DA:17,1
LF:5
LH:4
BRF:0
BRH:0
end_of_record
TN:
SF:src/validation/contacts.js
FN:33,(anonymous_0)
FN:46,(anonymous_1)
FN:50,(anonymous_2)
FNF:3
FNH:2
FNDA:1,(anonymous_0)
FNDA:1,(anonymous_1)
FNDA:0,(anonymous_2)
DA:1,1
DA:2,1
DA:4,1
DA:14,1
DA:33,1
DA:34,1
DA:35,1
DA:36,0
DA:37,0
DA:43,1
DA:46,1
DA:47,1
DA:50,1
DA:51,0
LF:14
LH:11
BRDA:35,0,0,0
BRDA:35,0,1,1
BRF:2
BRH:1
end_of_record
TN:
SF:src/validation/users.js
FN:31,(anonymous_0)
FN:48,(anonymous_1)
FNF:2
FNH:0
FNDA:0,(anonymous_0)
FNDA:0,(anonymous_1)
DA:1,1
DA:2,1
DA:18,1
DA:31,1
DA:32,0
DA:33,0
DA:34,0
DA:35,0
DA:41,0
DA:48,1
DA:49,0
LF:11
LH:5
BRDA:33,0,0,0
BRDA:33,0,1,0
BRF:2
BRH:0
end_of_record
